Using pre-set license
Built from '2020.2/release' branch; Version is '2020.2.2f1 (068178b99f32) revision 426360'; Using compiler version '192528614'; Build Type 'Release'
OS: 'Windows 10 Pro; OS build 19042.1348; Version 2009; 64bit' Language: 'ru' Physical Memory: 7112 MB
BatchMode: 1, IsHumanControllingUs: 0, StartBugReporterOnCrash: 0, Is64bit: 1, IsPro: 0

 COMMAND LINE ARGUMENTS:
C:\Program Files\Unity\Hub\Editor\2020.2.2f1\Editor\Unity.exe
-adb2
-batchMode
-noUpm
-name
AssetImportWorker0
-projectPath
C:/Users/Dmitry/BetRock
-logFile
Logs/AssetImportWorker0.log
-srvPort
57637
Successfully changed project path to: C:/Users/Dmitry/BetRock
C:/Users/Dmitry/BetRock
Using Asset Import Pipeline V2.
Refreshing native plugins compatible for Editor in 83.63 ms, found 1 plugins.
Preloading 0 native plugins for Editor in 0.00 ms.
Initialize engine version: 2020.2.2f1 (068178b99f32)
[Subsystems] Discovering subsystems at path C:/Program Files/Unity/Hub/Editor/2020.2.2f1/Editor/Data/Resources/UnitySubsystems
[Subsystems] Discovering subsystems at path C:/Users/Dmitry/BetRock/Assets
GfxDevice: creating device client; threaded=0
Direct3D:
    Version:  Direct3D 11.0 [level 11.1]
    Renderer: NVIDIA GeForce GTX 1050 (ID=0x1c8d)
    Vendor:   
    VRAM:     1979 MB
    Driver:   27.21.14.6231
Initialize mono
Mono path[0] = 'C:/Program Files/Unity/Hub/Editor/2020.2.2f1/Editor/Data/Managed'
Mono path[1] = 'C:/Program Files/Unity/Hub/Editor/2020.2.2f1/Editor/Data/MonoBleedingEdge/lib/mono/unityjit'
Mono config path = 'C:/Program Files/Unity/Hub/Editor/2020.2.2f1/Editor/Data/MonoBleedingEdge/etc'
Using monoOptions --debugger-agent=transport=dt_socket,embedding=1,server=y,suspend=n,address=127.0.0.1:56900
Begin MonoManager ReloadAssembly
Registering precompiled unity dll's ...
Register platform support module: C:/Program Files/Unity/Hub/Editor/2020.2.2f1/Editor/Data/PlaybackEngines/WindowsStandaloneSupport/UnityEditor.WindowsStandalone.Extensions.dll
Registered in 0.005867 seconds.
Native extension for WindowsStandalone target not found
Refreshing native plugins compatible for Editor in 69.77 ms, found 1 plugins.
Preloading 0 native plugins for Editor in 0.00 ms.
Invoked RoslynAnalysisRunner static constructor.
RoslynAnalysisRunner will not be running.
RoslynAnalysisRunner has terminated.
Mono: successfully reloaded assembly
- Completed reload, in  5.731 seconds
Platform modules already initialized, skipping
Registering precompiled user dll's ...
Registered in 0.003117 seconds.
Begin MonoManager ReloadAssembly
Native extension for WindowsStandalone target not found
Refreshing native plugins compatible for Editor in 92.90 ms, found 1 plugins.
Preloading 0 native plugins for Editor in 0.00 ms.
Invoked RoslynAnalysisRunner static constructor.
RoslynAnalysisRunner will not be running.
RoslynAnalysisRunner has terminated.
Mono: successfully reloaded assembly
- Completed reload, in  2.477 seconds
Platform modules already initialized, skipping
========================================================================
Worker process is ready to serve import requests
Launched and connected shader compiler UnityShaderCompiler.exe after 0.21 seconds
Refreshing native plugins compatible for Editor in 0.98 ms, found 1 plugins.
Preloading 0 native plugins for Editor in 0.00 ms.
Unloading 1801 Unused Serialized files (Serialized files now loaded: 0)
System memory in use before: 84.4 MB.
System memory in use after: 84.4 MB.

Unloading 24 unused Assets to reduce memory usage. Loaded Objects now: 2242.
Total: 5.535900 ms (FindLiveObjects: 0.485800 ms CreateObjectMapping: 0.096400 ms MarkObjects: 4.219200 ms  DeleteObjects: 0.731600 ms)

========================================================================
Received Import Request.
  path: Assets/Plugins/Android/LauncherManifest.xml.DISABLED
  artifactKey: Guid(85937097ac7ce4444bebc50cb39d47ed) Importer(815301076,1909f56bfc062723c751e8b465ee728b)
Start importing Assets/Plugins/Android/LauncherManifest.xml.DISABLED using Guid(85937097ac7ce4444bebc50cb39d47ed) Importer(815301076,1909f56bfc062723c751e8b465ee728b)  -> (artifact id: 'e950bac215d2510408dd0694b8304266') in 0.101543 seconds
  Import took 0.165331 seconds .

========================================================================
Received Import Request.
  Time since last request: 542.106851 seconds.
  path: Assets/Plugins/Android
  artifactKey: Guid(a2e59fe5bc25f504f86c65d4bb8422b0) Importer(815301076,1909f56bfc062723c751e8b465ee728b)
Start importing Assets/Plugins/Android using Guid(a2e59fe5bc25f504f86c65d4bb8422b0) Importer(815301076,1909f56bfc062723c751e8b465ee728b)  -> (artifact id: '88b250c2b81add1420ac0fdf8fba1492') in 0.020704 seconds
  Import took 0.783974 seconds .

========================================================================
Received Import Request.
  Time since last request: 85.735922 seconds.
  path: Assets/Plugins/Android/AndroidManifest.xml
  artifactKey: Guid(b203701c200cfe140a74488e131731cc) Importer(815301076,1909f56bfc062723c751e8b465ee728b)
Start importing Assets/Plugins/Android/AndroidManifest.xml using Guid(b203701c200cfe140a74488e131731cc) Importer(815301076,1909f56bfc062723c751e8b465ee728b)  -> (artifact id: 'c59dae89e6f23c80f69cd63000887e0c') in 0.104892 seconds
  Import took 0.151199 seconds .

========================================================================
Received Import Request.
  Time since last request: 86.946014 seconds.
  path: Assets/Plugins/Android/launcherTemplate.gradle
  artifactKey: Guid(70ec47f7974231d4096bd32773356f21) Importer(815301076,1909f56bfc062723c751e8b465ee728b)
Start importing Assets/Plugins/Android/launcherTemplate.gradle using Guid(70ec47f7974231d4096bd32773356f21) Importer(815301076,1909f56bfc062723c751e8b465ee728b)  -> (artifact id: '1a1e913e0d1c073a53f7cb3911610610') in 0.240799 seconds
  Import took 0.317451 seconds .

========================================================================
Received Import Request.
  Time since last request: 81.108587 seconds.
  path: Assets/Plugins/Android/launcherTemplate.gradle.DISABLED
  artifactKey: Guid(70ec47f7974231d4096bd32773356f21) Importer(815301076,1909f56bfc062723c751e8b465ee728b)
Start importing Assets/Plugins/Android/launcherTemplate.gradle.DISABLED using Guid(70ec47f7974231d4096bd32773356f21) Importer(815301076,1909f56bfc062723c751e8b465ee728b)  -> (artifact id: '09c066ca2fac0861ea2dd334bfe85074') in 0.019706 seconds
  Import took 0.067977 seconds .

========================================================================
Received Import Request.
  Time since last request: 1.221555 seconds.
  path: Assets/Plugins/Android/launcherTemplate.gradle.DISABLED
  artifactKey: Guid(70ec47f7974231d4096bd32773356f21) Importer(815301076,1909f56bfc062723c751e8b465ee728b)
Start importing Assets/Plugins/Android/launcherTemplate.gradle.DISABLED using Guid(70ec47f7974231d4096bd32773356f21) Importer(815301076,1909f56bfc062723c751e8b465ee728b)  -> (artifact id: '09c066ca2fac0861ea2dd334bfe85074') in 0.009969 seconds
  Import took 0.038624 seconds .

========================================================================
Received Prepare
Registering precompiled user dll's ...
Registered in 0.007498 seconds.
Begin MonoManager ReloadAssembly
Native extension for WindowsStandalone target not found
Refreshing native plugins compatible for Editor in 0.86 ms, found 1 plugins.
Preloading 0 native plugins for Editor in 0.00 ms.
Invoked RoslynAnalysisRunner static constructor.
RoslynAnalysisRunner will not be running.
RoslynAnalysisRunner has terminated.
Mono: successfully reloaded assembly
- Completed reload, in  2.312 seconds
Platform modules already initialized, skipping
Switching build target platform(5) subTarget(0) extendedPlatform(0) -> platform(13) subTarget(537395200) extendedPlatform(0)
Refreshing native plugins compatible for Editor in 0.81 ms, found 1 plugins.
Preloading 0 native plugins for Editor in 0.00 ms.
Unloading 1799 Unused Serialized files (Serialized files now loaded: 0)
System memory in use before: 84.5 MB.
System memory in use after: 84.5 MB.

Unloading 12 unused Assets to reduce memory usage. Loaded Objects now: 2245.
Total: 4.822600 ms (FindLiveObjects: 0.440000 ms CreateObjectMapping: 0.118400 ms MarkObjects: 3.998600 ms  DeleteObjects: 0.263400 ms)

AssetImportParameters requested are different than current active one (requested -> active):
  custom:graphics/normal-map-encoding: 01000000000000000000000000000000 -> 02000000000000000000000000000000
AssetImportWorkerClient::OnTransportError - code=2 error=End of file
